c:\users\alvar\desktop\gamesdevprojects\uniscape5.1\uniscape\debug\vc141.pdb
c:\users\alvar\desktop\gamesdevprojects\uniscape5.1\uniscape\debug\vc141.idb
c:\users\alvar\desktop\gamesdevprojects\uniscape5.1\uniscape\debug\view.obj
c:\users\alvar\desktop\gamesdevprojects\uniscape5.1\uniscape\debug\room.obj
c:\users\alvar\desktop\gamesdevprojects\uniscape5.1\uniscape\debug\player.obj
c:\users\alvar\desktop\gamesdevprojects\uniscape5.1\uniscape\debug\object.obj
c:\users\alvar\desktop\gamesdevprojects\uniscape5.1\uniscape\debug\npc.obj
c:\users\alvar\desktop\gamesdevprojects\uniscape5.1\uniscape\debug\model.obj
c:\users\alvar\desktop\gamesdevprojects\uniscape5.1\uniscape\debug\main.obj
c:\users\alvar\desktop\gamesdevprojects\uniscape5.1\uniscape\debug\door.obj
c:\users\alvar\desktop\gamesdevprojects\uniscape5.1\uniscape\debug\controller.obj
c:\users\alvar\desktop\gamesdevprojects\uniscape5.1\uniscape\debug\container.obj
c:\users\alvar\desktop\gamesdevprojects\uniscape5.1\uniscape\debug\textconf.obj
c:\users\alvar\desktop\gamesdevprojects\uniscape5.1\debug\uniscape.exe
c:\users\alvar\desktop\gamesdevprojects\uniscape5.1\debug\uniscape.ilk
c:\users\alvar\desktop\gamesdevprojects\uniscape5.1\debug\uniscape.pdb
c:\users\alvar\desktop\gamesdevprojects\uniscape5.1\uniscape\debug\uniscape.tlog\cl.command.1.tlog
c:\users\alvar\desktop\gamesdevprojects\uniscape5.1\uniscape\debug\uniscape.tlog\cl.read.1.tlog
c:\users\alvar\desktop\gamesdevprojects\uniscape5.1\uniscape\debug\uniscape.tlog\cl.write.1.tlog
c:\users\alvar\desktop\gamesdevprojects\uniscape5.1\uniscape\debug\uniscape.tlog\link.command.1.tlog
c:\users\alvar\desktop\gamesdevprojects\uniscape5.1\uniscape\debug\uniscape.tlog\link.read.1.tlog
c:\users\alvar\desktop\gamesdevprojects\uniscape5.1\uniscape\debug\uniscape.tlog\link.write.1.tlog
